<?xml version="1.0" encoding="UTF-8"?>
<!-- Generated by org.testng.reporters.JUnitXMLReporter -->
<testsuite ignored="0" hostname="LTIN234835" failures="0" tests="8" name="Test" time="382.635" errors="0" timestamp="2024-02-28T14:14:55 IST">
  <testcase classname="TestCases.Tc001_EmiCalculator" name="inputCalculator" time="5.376"/>
  <testcase classname="TestCases.Tc001_EmiCalculator" name="printCarEmiData" time="7.974"/>
  <testcase classname="TestCases.Tc001_EmiCalculator" name="homeLoanCalculator" time="44.282"/>
  <testcase classname="TestCases.Tc001_EmiCalculator" name="printHomeEmiData" time="4.602"/>
  <testcase classname="TestCases.Tc001_EmiCalculator" name="loanCalculator" time="69.02"/>
  <testcase classname="TestCases.Tc001_EmiCalculator" name="loanEmiCalcUICheck" time="58.076"/>
  <testcase classname="TestCases.Tc001_EmiCalculator" name="loanAmountCalcUICheck" time="51.266"/>
  <testcase classname="TestCases.Tc001_EmiCalculator" name="loanTenureCalcUICheck" time="50.266"/>
</testsuite> <!-- Test -->
