<?xml version="1.0" encoding="UTF-8"?>
<testng-results ignored="0" total="8" passed="8" failed="0" skipped="0">
  <reporter-output>
  </reporter-output>
  <suite started-at="2024-02-28T14:08:32 IST" name="Suite" finished-at="2024-02-28T14:14:55 IST" duration-ms="382635">
    <groups>
    </groups>
    <test started-at="2024-02-28T14:08:32 IST" name="Test" finished-at="2024-02-28T14:14:55 IST" duration-ms="382635">
      <class name="TestCases.Tc001_EmiCalculator">
        <test-method is-config="true" signature="setUp(java.lang.String)[pri:0, instance:TestCases.Tc001_EmiCalculator@1ffaf86]" started-at="2024-02-28T14:08:33 IST" name="setUp" finished-at="2024-02-28T14:10:01 IST" duration-ms="88628" status="PASS">
          <params>
            <param index="0">
              <value>
                <![CDATA[Chrome]]>
              </value>
            </param>
          </params>
          <reporter-output>
          </reporter-output>
        </test-method> <!-- setUp -->
        <test-method signature="inputCalculator()[pri:1, instance:TestCases.Tc001_EmiCalculator@1ffaf86]" started-at="2024-02-28T14:10:01 IST" name="inputCalculator" finished-at="2024-02-28T14:10:07 IST" duration-ms="5376" status="PASS">
          <reporter-output>
          </reporter-output>
        </test-method> <!-- inputCalculator -->
        <test-method signature="printCarEmiData()[pri:2, instance:TestCases.Tc001_EmiCalculator@1ffaf86]" started-at="2024-02-28T14:10:07 IST" name="printCarEmiData" finished-at="2024-02-28T14:10:15 IST" duration-ms="7974" status="PASS">
          <reporter-output>
          </reporter-output>
        </test-method> <!-- printCarEmiData -->
        <test-method signature="homeLoanCalculator()[pri:3, instance:TestCases.Tc001_EmiCalculator@1ffaf86]" started-at="2024-02-28T14:10:15 IST" name="homeLoanCalculator" finished-at="2024-02-28T14:10:59 IST" duration-ms="44282" status="PASS">
          <reporter-output>
          </reporter-output>
        </test-method> <!-- homeLoanCalculator -->
        <test-method signature="printHomeEmiData()[pri:4, instance:TestCases.Tc001_EmiCalculator@1ffaf86]" started-at="2024-02-28T14:11:00 IST" name="printHomeEmiData" finished-at="2024-02-28T14:11:04 IST" duration-ms="4602" status="PASS">
          <reporter-output>
          </reporter-output>
        </test-method> <!-- printHomeEmiData -->
        <test-method signature="loanCalculator()[pri:5, instance:TestCases.Tc001_EmiCalculator@1ffaf86]" started-at="2024-02-28T14:11:04 IST" name="loanCalculator" finished-at="2024-02-28T14:12:13 IST" duration-ms="69020" status="PASS">
          <reporter-output>
          </reporter-output>
        </test-method> <!-- loanCalculator -->
        <test-method signature="loanEmiCalcUICheck()[pri:6, instance:TestCases.Tc001_EmiCalculator@1ffaf86]" started-at="2024-02-28T14:12:14 IST" name="loanEmiCalcUICheck" finished-at="2024-02-28T14:13:12 IST" duration-ms="58076" status="PASS">
          <reporter-output>
          </reporter-output>
        </test-method> <!-- loanEmiCalcUICheck -->
        <test-method signature="loanAmountCalcUICheck()[pri:7, instance:TestCases.Tc001_EmiCalculator@1ffaf86]" started-at="2024-02-28T14:13:12 IST" name="loanAmountCalcUICheck" finished-at="2024-02-28T14:14:03 IST" duration-ms="51266" status="PASS">
          <reporter-output>
          </reporter-output>
        </test-method> <!-- loanAmountCalcUICheck -->
        <test-method signature="loanTenureCalcUICheck()[pri:8, instance:TestCases.Tc001_EmiCalculator@1ffaf86]" started-at="2024-02-28T14:14:03 IST" name="loanTenureCalcUICheck" finished-at="2024-02-28T14:14:54 IST" duration-ms="50266" status="PASS">
          <reporter-output>
          </reporter-output>
        </test-method> <!-- loanTenureCalcUICheck -->
        <test-method is-config="true" signature="tearDown()[pri:0, instance:TestCases.Tc001_EmiCalculator@1ffaf86]" started-at="2024-02-28T14:14:54 IST" name="tearDown" finished-at="2024-02-28T14:14:55 IST" duration-ms="1152" status="PASS">
          <reporter-output>
          </reporter-output>
        </test-method> <!-- tearDown -->
      </class> <!-- TestCases.Tc001_EmiCalculator -->
    </test> <!-- Test -->
  </suite> <!-- Suite -->
</testng-results>
